======= Log file ============
I am called as: /home/bozsahin/myrepos/thebench/src/bench.train.sh 4000 2000 /var/tmp/thebench/en.gram.src /var/tmp/thebench/en.sup.ovs.sup 8 0.5 1.2 /var/tmp/thebench/nfparse nfparse-on
            at: Thu Apr 10 12:55:00 PM +03 2025
            in: bozsahin-macbookpro111
Log goes to   : /var/tmp/thebench/nfparse.log
I will call sbcl as: sbcl --dynamic-space-size 4000
It will call train-nohup-sbcl in /home/bozsahin/myrepos/thebench/src/bench.lisp as: (train-nohup-sbcl "/var/tmp/thebench/en.gram.src" "/var/tmp/thebench/en.sup.ovs.sup" 2000 "/var/tmp/thebench/nfparse.8.0.5a.1.2c.src" 8 0.5 1.2)
=======          ============
This is SBCL 2.4.11, an implementation of ANSI Common Lisp.
More information about SBCL is available at <http://www.sbcl.org/>.

SBCL is free software, provided as is, with absolutely no warranty.
It is mostly in the public domain; some portions are provided under
BSD-style licenses.  See the CREDITS and COPYING files in the
distribution for more information.
lisp     : bench.lisp loaded, version 8.0, encoding UTF-8

*BEAMP* : NIL
*LAMBDAFLAG* : T
*NF-PARSE* : T
*OOVP* : NIL
*Beamp* = NIL  *Beam-exp* = 0.9

*A-APPLY* T
*B-COMP* T
*B2-COMP* T
*B3-COMP* T
*BX-COMP* T
*BX2-COMP* T
*BX3-COMP* T
*F-COMP* T
*F2-COMP* T
*F3-COMP* T
*FX-COMP* T
*FX2-COMP* T
*FX3-COMP* T
*T-APPLY* T
*Beamp* = NIL  *Beam-exp* = 0.9

Supervision file loaded: /var/tmp/thebench/en.sup.ovs.sup

update-model Done.
Evaluation took:
  0.013 seconds of real time
  0.011829 seconds of total run time (0.008675 user, 0.003154 system)
  92.31% CPU
  6 forms interpreted
  31,553,595 processor cycles
  2,028,656 bytes consed
  

*BEAMP* : NIL
*LAMBDAFLAG* : T
*NF-PARSE* : T
*OOVP* : NIL
*Beamp* = NIL  *Beam-exp* = 0.9

*A-APPLY* T
*B-COMP* T
*B2-COMP* T
*B3-COMP* T
*BX-COMP* T
*BX2-COMP* T
*BX3-COMP* T
*F-COMP* T
*F2-COMP* T
*F3-COMP* T
*FX-COMP* T
*FX2-COMP* T
*FX3-COMP* T
*T-APPLY* T
Training parameters: N = 8 alpha0 = 0.5 c = 1.2 n = 10  
Model parameters before and after training
================================================
key   elm             initial  final    diff 
------------------------------------------------
509704 knows             1.0 -2.98862  (-3.98862)
527855 knows             1.0      1.0  (     0.0)
748127 loves             1.0 -4.11161  (-5.11161)
974061 arrives           1.0      1.0  (     0.0)
552056 gives             1.0 -2.60749  (-3.60749)
618921 John              1.0 -3.69665  (-4.69665)
809341 Mary              1.0 -3.26787  (-4.26787)
971656 book              1.0 -1.70562  (-2.70562)
300837 the               1.0 -1.70562  (-2.70562)
================================================