======= Log file ============
I am called as: /home/bozsahin/myrepos/thebench/src/bench.train.sh 7000 4000 /var/tmp/thebench/en.gram.src /var/tmp/thebench/en.sup.ovs.sup 15 1.2 1.0 /var/tmp/thebench/nonfparse nfparse-off
            at: Thu Apr 10 12:55:00 PM +03 2025
            in: bozsahin-macbookpro111
Log goes to   : /var/tmp/thebench/nonfparse.log
I will call sbcl as: sbcl --dynamic-space-size 7000
It will call train-nohup-sbcl in /home/bozsahin/myrepos/thebench/src/bench.lisp as: (train-nohup-sbcl "/var/tmp/thebench/en.gram.src" "/var/tmp/thebench/en.sup.ovs.sup" 4000 "/var/tmp/thebench/nonfparse.15.1.2a.1.0c.src" 15 1.2 1.0)
=======          ============
This is SBCL 2.4.11, an implementation of ANSI Common Lisp.
More information about SBCL is available at <http://www.sbcl.org/>.

SBCL is free software, provided as is, with absolutely no warranty.
It is mostly in the public domain; some portions are provided under
BSD-style licenses.  See the CREDITS and COPYING files in the
distribution for more information.
lisp     : bench.lisp loaded, version 8.0, encoding UTF-8

*BEAMP* : NIL
*LAMBDAFLAG* : T
*NF-PARSE* : T
*OOVP* : NIL
*Beamp* = NIL  *Beam-exp* = 0.9

*A-APPLY* T
*B-COMP* T
*B2-COMP* T
*B3-COMP* T
*BX-COMP* T
*BX2-COMP* T
*BX3-COMP* T
*F-COMP* T
*F2-COMP* T
*F3-COMP* T
*FX-COMP* T
*FX2-COMP* T
*FX3-COMP* T
*T-APPLY* T
*Beamp* = NIL  *Beam-exp* = 0.9

Supervision file loaded: /var/tmp/thebench/en.sup.ovs.sup

update-model Done.
Evaluation took:
  0.010 seconds of real time
  0.010741 seconds of total run time (0.010674 user, 0.000067 system)
  110.00% CPU
  6 forms interpreted
  25,703,154 processor cycles
  3,598,832 bytes consed
  

*BEAMP* : NIL
*LAMBDAFLAG* : T
*NF-PARSE* : NIL
*OOVP* : NIL
*Beamp* = NIL  *Beam-exp* = 0.9

*A-APPLY* T
*B-COMP* T
*B2-COMP* T
*B3-COMP* T
*BX-COMP* T
*BX2-COMP* T
*BX3-COMP* T
*F-COMP* T
*F2-COMP* T
*F3-COMP* T
*FX-COMP* T
*FX2-COMP* T
*FX3-COMP* T
*T-APPLY* T
Training parameters: N = 15 alpha0 = 1.2 c = 1.0 n = 10  
Model parameters before and after training
================================================
key   elm             initial  final    diff 
------------------------------------------------
509704 knows             1.0 -12.5521  (-13.5521)
527855 knows             1.0      1.0  (     0.0)
748127 loves             1.0 -15.5521  (-16.5521)
974061 arrives           1.0      1.0  (     0.0)
552056 gives             1.0 -12.2904  (-13.2904)
618921 John              1.0 -14.3438  (-15.3438)
809341 Mary              1.0 -12.8004  (-13.8004)
971656 book              1.0 -8.96781  (-9.96781)
300837 the               1.0 -8.96781  (-9.96781)
================================================