======= Log file ============
I am called as: /home/bozsahin/myrepos/thebench/src/bench.train.sh 4000 2000 /var/tmp/thebench/en.gram.src /var/tmp/thebench/en.sup.ovs.sup 10 0.5 1.1 /var/tmp/thebench/ovs-bon beam-on
            at: Thu Apr 10 02:31:55 PM +03 2025
            in: bozsahin-macbookpro111
Log goes to   : /var/tmp/thebench/ovs-bon.log
I will call sbcl as: sbcl --dynamic-space-size 4000
It will call train-nohup-sbcl in /home/bozsahin/myrepos/thebench/src/bench.lisp as: (train-nohup-sbcl "/var/tmp/thebench/en.gram.src" "/var/tmp/thebench/en.sup.ovs.sup" 2000 "/var/tmp/thebench/ovs-bon.10.0.5a.1.1c.src" 10 0.5 1.1)
=======          ============
This is SBCL 2.4.11, an implementation of ANSI Common Lisp.
More information about SBCL is available at <http://www.sbcl.org/>.

SBCL is free software, provided as is, with absolutely no warranty.
It is mostly in the public domain; some portions are provided under
BSD-style licenses.  See the CREDITS and COPYING files in the
distribution for more information.
lisp     : bench.lisp loaded, version 8.0, encoding UTF-8

*BEAMP* : NIL
*LAMBDAFLAG* : T
*NF-PARSE* : T
*OOVP* : NIL
*Beamp* = NIL  *Beam-exp* = 0.9

*A-APPLY* T
*B-COMP* T
*B2-COMP* T
*B3-COMP* T
*BX-COMP* T
*BX2-COMP* T
*BX3-COMP* T
*F-COMP* T
*F2-COMP* T
*F3-COMP* T
*FX-COMP* T
*FX2-COMP* T
*FX3-COMP* T
*T-APPLY* T
*Beamp* = T  *Beam-exp* = 0.9

Supervision file loaded: /var/tmp/thebench/en.sup.ovs.sup

update-model Done.
Evaluation took:
  0.013 seconds of real time
  0.010613 seconds of total run time (0.010613 user, 0.000000 system)
  84.62% CPU
  6 forms interpreted
  25,618,092 processor cycles
  2,028,256 bytes consed
  

*BEAMP* : T
*LAMBDAFLAG* : T
*NF-PARSE* : T
*OOVP* : NIL
*Beamp* = T  *Beam-exp* = 0.9

*A-APPLY* T
*B-COMP* T
*B2-COMP* T
*B3-COMP* T
*BX-COMP* T
*BX2-COMP* T
*BX3-COMP* T
*F-COMP* T
*F2-COMP* T
*F3-COMP* T
*FX-COMP* T
*FX2-COMP* T
*FX3-COMP* T
*T-APPLY* T
Training parameters: N = 10 alpha0 = 0.5 c = 1.1 n = 10  
Model parameters before and after training
================================================
key   elm             initial  final    diff 
------------------------------------------------
811688 knows             1.0 -3.62162  (-4.62162)
324815 knows             1.0      1.0  (     0.0)
939619 loves             1.0 -4.80466  (-5.80466)
529323 arrives           1.0      1.0  (     0.0)
566430 gives             1.0      1.0  (     0.0)
200157 John              1.0 -4.22596  (-5.22596)
696836 Mary              1.0 -3.44846  (-4.44846)
744767 book              1.0      1.0  (     0.0)
574223 the               1.0      1.0  (     0.0)
================================================