======= Log file ============
I am called as: /home/bozsahin/myrepos/thebench/src/bench.train.sh 7000 4000 /var/tmp/thebench/en.gram.src /var/tmp/thebench/en.sup.svo.sup 15 1.2 1.0 /var/tmp/thebench/svo-nonfparse nfparse-off
            at: Wed Apr 16 08:36:09 AM +03 2025
            in: bozsahin-macbookpro111
Log goes to   : /var/tmp/thebench/svo-nonfparse.log
I will call sbcl as: sbcl --dynamic-space-size 7000
It will call train-nohup-sbcl in /home/bozsahin/myrepos/thebench/src/bench.lisp as: (train-nohup-sbcl "/var/tmp/thebench/en.gram.src" "/var/tmp/thebench/en.sup.svo.sup" 4000 "/var/tmp/thebench/svo-nonfparse.15.1.2a.1.0c.src" 15 1.2 1.0)
=======          ============
This is SBCL 2.4.11, an implementation of ANSI Common Lisp.
More information about SBCL is available at <http://www.sbcl.org/>.

SBCL is free software, provided as is, with absolutely no warranty.
It is mostly in the public domain; some portions are provided under
BSD-style licenses.  See the CREDITS and COPYING files in the
distribution for more information.
lisp     : bench.lisp loaded, version 8.0, encoding UTF-8

*BEAMP* : NIL
*LAMBDAFLAG* : T
*NF-PARSE* : T
*OOVP* : NIL
*Beamp* = NIL  *Beam-exp* = 0.9

*A-APPLY* T
*B-COMP* T
*B2-COMP* T
*B3-COMP* T
*BX-COMP* T
*BX2-COMP* T
*BX3-COMP* T
*F-COMP* T
*F2-COMP* T
*F3-COMP* T
*FX-COMP* T
*FX2-COMP* T
*FX3-COMP* T
*T-APPLY* T
*Beamp* = NIL  *Beam-exp* = 0.9

Supervision file loaded: /var/tmp/thebench/en.sup.svo.sup

update-model Done.
Evaluation took:
  0.263 seconds of real time
  0.126512 seconds of total run time (0.123967 user, 0.002545 system)
  48.29% CPU
  6 forms interpreted
  633,610,209 processor cycles
  18,003,856 bytes consed
  

*BEAMP* : NIL
*LAMBDAFLAG* : T
*NF-PARSE* : NIL
*OOVP* : NIL
*Beamp* = NIL  *Beam-exp* = 0.9

*A-APPLY* T
*B-COMP* T
*B2-COMP* T
*B3-COMP* T
*BX-COMP* T
*BX2-COMP* T
*BX3-COMP* T
*F-COMP* T
*F2-COMP* T
*F3-COMP* T
*FX-COMP* T
*FX2-COMP* T
*FX3-COMP* T
*T-APPLY* T
Training parameters: N = 15 alpha0 = 1.2 c = 1.0 n = 12  
Model parameters before and after training
================================================
key   elm             initial  final    diff 
------------------------------------------------
85386 knows             1.0 10.46833  (9.468334)
310983 knows             1.0 -3.73417  (-4.73417)
527160 knows             1.0 -3.73417  (-4.73417)
775215 knows             1.0 9.388334  (8.388334)
971692 knows             1.0 -3.19417  (-4.19417)
365561 knows             1.0 -3.19417  (-4.19417)
528289 loves             1.0 16.52549  (15.52549)
688086 loves             1.0 -6.76275  (-7.76275)
154822 loves             1.0 -6.76275  (-7.76275)
611411 arrives           1.0 4.822739  (3.822739)
76351 arrives           1.0 -2.82274  (-3.82274)
607079 walks             1.0 4.539405  (3.539405)
707786 walks             1.0 -2.53941  (-3.53941)
825539 gives             1.0 8.830645  (7.830645)
48959 gives             1.0 -6.83065  (-7.83065)
482416 gives             1.0      1.0  (     0.0)
51563 john              1.0      1.0  (    -0.0)
23781 mary              1.0      1.0  (    -0.0)
332560 book              1.0      1.0  (     0.0)
273523 the               1.0      1.0  (     0.0)
================================================