======= Log file ============
I am called as: /home/bozsahin/myrepos/thebench/src/bench.train.sh 4000 2000 /var/tmp/thebench/en.gram.src /var/tmp/thebench/en.sup.svo.sup 10 0.5 1.1 /var/tmp/thebench/svo-bon beam-on
            at: Mon Apr 14 10:41:36 AM +03 2025
            in: cem-macmini81
Log goes to   : /var/tmp/thebench/svo-bon.log
I will call sbcl as: sbcl --dynamic-space-size 4000
It will call train-nohup-sbcl in /home/bozsahin/myrepos/thebench/src/bench.lisp as: (train-nohup-sbcl "/var/tmp/thebench/en.gram.src" "/var/tmp/thebench/en.sup.svo.sup" 2000 "/var/tmp/thebench/svo-bon.10.0.5a.1.1c.src" 10 0.5 1.1)
=======          ============
This is SBCL 2.2.9, an implementation of ANSI Common Lisp.
More information about SBCL is available at <http://www.sbcl.org/>.

SBCL is free software, provided as is, with absolutely no warranty.
It is mostly in the public domain; some portions are provided under
BSD-style licenses.  See the CREDITS and COPYING files in the
distribution for more information.
lisp     : bench.lisp loaded, version 8.0, encoding UTF-8

*BEAMP* : NIL
*LAMBDAFLAG* : T
*NF-PARSE* : T
*OOVP* : NIL
*Beamp* = NIL  *Beam-exp* = 0.9

*A-APPLY* T
*B-COMP* T
*B2-COMP* T
*B3-COMP* T
*BX-COMP* T
*BX2-COMP* T
*BX3-COMP* T
*F-COMP* T
*F2-COMP* T
*F3-COMP* T
*FX-COMP* T
*FX2-COMP* T
*FX3-COMP* T
*T-APPLY* T
*Beamp* = T  *Beam-exp* = 0.9

Supervision file loaded: /var/tmp/thebench/en.sup.svo.sup

update-model Done.
Evaluation took:
  0.036 seconds of real time
  0.016027 seconds of total run time (0.014432 user, 0.001595 system)
  44.44% CPU
  6 forms interpreted
  139,969,002 processor cycles
  6,487,248 bytes consed
  

*BEAMP* : T
*LAMBDAFLAG* : T
*NF-PARSE* : T
*OOVP* : NIL
*Beamp* = T  *Beam-exp* = 0.9

*A-APPLY* T
*B-COMP* T
*B2-COMP* T
*B3-COMP* T
*BX-COMP* T
*BX2-COMP* T
*BX3-COMP* T
*F-COMP* T
*F2-COMP* T
*F3-COMP* T
*FX-COMP* T
*FX2-COMP* T
*FX3-COMP* T
*T-APPLY* T
Training parameters: N = 10 alpha0 = 0.5 c = 1.1 n = 10  
Model parameters before and after training
================================================
key   elm             initial  final    diff 
------------------------------------------------
498087 knows             1.0  3.31081  ( 2.31081)
869871 knows             1.0 -1.31081  (-2.31081)
243683 knows             1.0 2.997502  (1.997502)
449749 knows             1.0 -.997502  ( -1.9975)
80914 loves             1.0 4.794422  (3.794422)
348716 loves             1.0 -2.79442  (-3.79442)
996358 arrives           1.0 2.188956  (1.188956)
182499 arrives           1.0 -.188956  (-1.18896)
196436 gives             1.0 3.160928  (2.160928)
786788 gives             1.0 -1.16093  (-2.16093)
803023 john              1.0      1.0  (     0.0)
777413 mary              1.0      1.0  (     0.0)
243727 book              1.0      1.0  (     0.0)
264241 the               1.0      1.0  (     0.0)
================================================