======= Log file ============
I am called as: /home/bozsahin/myrepos/thebench/src/bench.train.sh 4000 2000 /var/tmp/thebench/en.gram.src /var/tmp/thebench/en.sup.svo.sup 8 0.5 1.2 /var/tmp/thebench/svo-nfparse nfparse-on
            at: Tue Apr 15 02:18:51 PM +03 2025
            in: bozsahin-macbookpro111
Log goes to   : /var/tmp/thebench/svo-nfparse.log
I will call sbcl as: sbcl --dynamic-space-size 4000
It will call train-nohup-sbcl in /home/bozsahin/myrepos/thebench/src/bench.lisp as: (train-nohup-sbcl "/var/tmp/thebench/en.gram.src" "/var/tmp/thebench/en.sup.svo.sup" 2000 "/var/tmp/thebench/svo-nfparse.8.0.5a.1.2c.src" 8 0.5 1.2)
=======          ============
This is SBCL 2.4.11, an implementation of ANSI Common Lisp.
More information about SBCL is available at <http://www.sbcl.org/>.

SBCL is free software, provided as is, with absolutely no warranty.
It is mostly in the public domain; some portions are provided under
BSD-style licenses.  See the CREDITS and COPYING files in the
distribution for more information.
lisp     : bench.lisp loaded, version 8.0, encoding UTF-8

*BEAMP* : NIL
*LAMBDAFLAG* : T
*NF-PARSE* : T
*OOVP* : NIL
*Beamp* = NIL  *Beam-exp* = 0.9

*A-APPLY* T
*B-COMP* T
*B2-COMP* T
*B3-COMP* T
*BX-COMP* T
*BX2-COMP* T
*BX3-COMP* T
*F-COMP* T
*F2-COMP* T
*F3-COMP* T
*FX-COMP* T
*FX2-COMP* T
*FX3-COMP* T
*T-APPLY* T
*Beamp* = NIL  *Beam-exp* = 0.9

Supervision file loaded: /var/tmp/thebench/en.sup.svo.sup

update-model Done.
Evaluation took:
  0.046 seconds of real time
  0.046551 seconds of total run time (0.046518 user, 0.000033 system)
  102.17% CPU
  6 forms interpreted
  115,237,431 processor cycles
  8,804,912 bytes consed
  

*BEAMP* : NIL
*LAMBDAFLAG* : T
*NF-PARSE* : T
*OOVP* : NIL
*Beamp* = NIL  *Beam-exp* = 0.9

*A-APPLY* T
*B-COMP* T
*B2-COMP* T
*B3-COMP* T
*BX-COMP* T
*BX2-COMP* T
*BX3-COMP* T
*F-COMP* T
*F2-COMP* T
*F3-COMP* T
*FX-COMP* T
*FX2-COMP* T
*FX3-COMP* T
*T-APPLY* T
Training parameters: N = 8 alpha0 = 0.5 c = 1.2 n = 10  
Model parameters before and after training
================================================
key   elm             initial  final    diff 
------------------------------------------------
765945 knows             1.0  3.65908  ( 2.65908)
59452 knows             1.0 -0.32954  (-1.32954)
996413 knows             1.0 -0.32954  (-1.32954)
540684 knows             1.0 3.269275  (2.269275)
741855 knows             1.0 -.134637  (-1.13464)
305321 knows             1.0 -.134637  (-1.13464)
557909 loves             1.0 5.432131  (4.432131)
815505 loves             1.0 -1.21607  (-2.21607)
703426 loves             1.0 -1.21607  (-2.21607)
567479 arrives           1.0 2.002233  (1.002233)
494904 arrives           1.0 -.002233  (-1.00223)
168349 gives             1.0 2.803744  (1.803744)
85676 gives             1.0 -.803744  (-1.80374)
67205 gives             1.0      1.0  (     0.0)
492515 john              1.0      1.0  (    -0.0)
836196 mary              1.0      1.0  (    -0.0)
785276 book              1.0      1.0  (     0.0)
59034 the               1.0      1.0  (     0.0)
================================================